<?xml version="1.0" encoding="UTF-8"?>
<!-- Generated by org.testng.reporters.JUnitXMLReporter -->
<testsuite hostname="PERFIOS-HW-078" ignored="0" name="Test" tests="2" failures="1" timestamp="23 Apr 2020 05:45:28 GMT" time="3.124" errors="0">
  <testcase name="createBooking" time="2.726" classname="fisdomQA.CreateBooking"/>
  <testcase name="createBooking" time="2.732" classname="fisdomQA.CreateBooking">
    <failure type="java.lang.NullPointerException">
      <![CDATA[java.lang.NullPointerException
at utils.Listeners.onTestSuccess(Listeners.java:49)
... Removed 22 stack frames]]>
    </failure>
  </testcase> <!-- createBooking -->
</testsuite> <!-- Test -->
